#
# There is insufficient memory for the Java Runtime Environment to continue.
# Native memory allocation (malloc) failed to allocate 280656 bytes for Chunk::new
# Possible reasons:
#   The system is out of physical RAM or swap space
#   The process is running with CompressedOops enabled, and the Java Heap may be blocking the growth of the native heap
# Possible solutions:
#   Reduce memory load on the system
#   Increase physical memory or swap space
#   Check if swap backing store is full
#   Decrease Java heap size (-Xmx/-Xms)
#   Decrease number of Java threads
#   Decrease Java thread stack sizes (-Xss)
#   Set larger code cache with -XX:ReservedCodeCacheSize=
#   JVM is running with Zero Based Compressed Oops mode in which the Java heap is
#     placed in the first 32GB address space. The Java Heap base address is the
#     maximum limit for the native heap growth. Please use -XX:HeapBaseMinAddress
#     to set the Java Heap base and to place the Java Heap above 32GB virtual address.
# This output file may be truncated or incomplete.
#
#  Out of Memory Error (arena.cpp:189), pid=45036, tid=26112
#
# JRE version: OpenJDK Runtime Environment JBR-17.0.8.1+7-1000.32-jcef (17.0.8.1+7) (build 17.0.8.1+7-b1000.32)
# Java VM: OpenJDK 64-Bit Server VM JBR-17.0.8.1+7-1000.32-jcef (17.0.8.1+7-b1000.32, mixed mode, tiered, compressed oops, compressed class ptrs, g1 gc, windows-amd64)
# No core dump will be written. Minidumps are not enabled by default on client versions of Windows
#

---------------  S U M M A R Y ------------

Command Line: git4idea.http.GitAskPassApp Password for 'https://KhobitheCode@github.com': 

Host: AMD Ryzen 5 5600X 6-Core Processor             , 12 cores, 31G,  Windows 11 , 64 bit Build 22621 (10.0.22621.2506)
Time: Fri Dec  8 05:53:51 2023 Pacific Standard Time elapsed time: 0.315146 seconds (0d 0h 0m 0s)

---------------  T H R E A D  ---------------

Current thread (0x000002104afefb50):  JavaThread "C2 CompilerThread0" daemon [_thread_in_native, id=26112, stack(0x000000d72bb00000,0x000000d72bc00000)]


Current CompileTask:
C2:    315  833   !   4       java.util.concurrent.ConcurrentHashMap::putVal (432 bytes)

Stack: [0x000000d72bb00000,0x000000d72bc00000]
Native frames: (J=compiled Java code, j=interpreted, Vv=VM code, C=native code)
V  [jvm.dll+0x6852da]
V  [jvm.dll+0x844c84]
V  [jvm.dll+0x84659e]
V  [jvm.dll+0x846c03]
V  [jvm.dll+0x24b7cf]
V  [jvm.dll+0xac3bc]
V  [jvm.dll+0xac98c]
V  [jvm.dll+0x36af42]
V  [jvm.dll+0x3352b1]
V  [jvm.dll+0x33475a]
V  [jvm.dll+0x21d7f1]
V  [jvm.dll+0x21cc11]
V  [jvm.dll+0x1a660d]
V  [jvm.dll+0x22c9c8]
V  [jvm.dll+0x22a990]
V  [jvm.dll+0x7f9d3c]
V  [jvm.dll+0x7f415a]
V  [jvm.dll+0x684115]
C  [ucrtbase.dll+0x29363]
C  [KERNEL32.DLL+0x1257d]
C  [ntdll.dll+0x5aa58]


---------------  P R O C E S S  ---------------

Threads class SMR info:
_java_thread_list=0x000002104b827c80, length=15, elements={
0x00000210226374e0, 0x000002104af88b60, 0x000002104af8ae00, 0x000002104afd2690,
0x000002104aff8b10, 0x000002104afed940, 0x000002104afee210, 0x000002104afefb50,
0x000002104aff0600, 0x000002104aff3010, 0x000002104b17b3e0, 0x000002104b195010,
0x000002104b6e1150, 0x000002104b7b9800, 0x000002104b7a7ed0
}

Java Threads: ( => current thread )
  0x00000210226374e0 JavaThread "main" [_thread_blocked, id=37376, stack(0x000000d72ae00000,0x000000d72af00000)]
  0x000002104af88b60 JavaThread "Reference Handler" daemon [_thread_blocked, id=62276, stack(0x000000d72b500000,0x000000d72b600000)]
  0x000002104af8ae00 JavaThread "Finalizer" daemon [_thread_blocked, id=84604, stack(0x000000d72b600000,0x000000d72b700000)]
  0x000002104afd2690 JavaThread "Signal Dispatcher" daemon [_thread_blocked, id=75564, stack(0x000000d72b700000,0x000000d72b800000)]
  0x000002104aff8b10 JavaThread "Attach Listener" daemon [_thread_blocked, id=90852, stack(0x000000d72b800000,0x000000d72b900000)]
  0x000002104afed940 JavaThread "Service Thread" daemon [_thread_blocked, id=32464, stack(0x000000d72b900000,0x000000d72ba00000)]
  0x000002104afee210 JavaThread "Monitor Deflation Thread" daemon [_thread_blocked, id=32484, stack(0x000000d72ba00000,0x000000d72bb00000)]
=>0x000002104afefb50 JavaThread "C2 CompilerThread0" daemon [_thread_in_native, id=26112, stack(0x000000d72bb00000,0x000000d72bc00000)]
  0x000002104aff0600 JavaThread "C1 CompilerThread0" daemon [_thread_blocked, id=66444, stack(0x000000d72bc00000,0x000000d72bd00000)]
  0x000002104aff3010 JavaThread "Sweeper thread" daemon [_thread_blocked, id=35356, stack(0x000000d72bd00000,0x000000d72be00000)]
  0x000002104b17b3e0 JavaThread "Notification Thread" daemon [_thread_blocked, id=45612, stack(0x000000d72be00000,0x000000d72bf00000)]
  0x000002104b195010 JavaThread "Common-Cleaner" daemon [_thread_blocked, id=73092, stack(0x000000d72c000000,0x000000d72c100000)]
  0x000002104b6e1150 JavaThread "HttpClient-1-SelectorManager" daemon [_thread_in_native, id=90036, stack(0x000000d72c100000,0x000000d72c200000)]
  0x000002104b7b9800 JavaThread "HttpClient-1-Worker-0" daemon [_thread_in_vm, id=85488, stack(0x000000d72c300000,0x000000d72c400000)]
  0x000002104b7a7ed0 JavaThread "HttpClient-1-Worker-1" daemon [_thread_blocked, id=80500, stack(0x000000d72c400000,0x000000d72c500000)]

Other Threads:
  0x000002104af86030 VMThread "VM Thread" [stack: 0x000000d72b400000,0x000000d72b500000] [id=94036]
  0x0000021048262930 WatcherThread [stack: 0x000000d72bf00000,0x000000d72c000000] [id=82116]
  0x00000210226e51c0 GCTaskThread "GC Thread#0" [stack: 0x000000d72af00000,0x000000d72b000000] [id=50544]
  0x00000210226ee840 ConcurrentGCThread "G1 Main Marker" [stack: 0x000000d72b000000,0x000000d72b100000] [id=29692]
  0x0000021048258390 ConcurrentGCThread "G1 Conc#0" [stack: 0x000000d72b100000,0x000000d72b200000] [id=22216]
  0x000002104833ac80 ConcurrentGCThread "G1 Refine#0" [stack: 0x000000d72b200000,0x000000d72b300000] [id=76776]
  0x000002104833d6c0 ConcurrentGCThread "G1 Service" [stack: 0x000000d72b300000,0x000000d72b400000] [id=30380]

Threads with active compile tasks:
C2 CompilerThread0      343  833   !   4       java.util.concurrent.ConcurrentHashMap::putVal (432 bytes)

VM state: not at safepoint (normal execution)

VM Mutex/Monitor currently owned by a thread:  ([mutex/lock_event])
[0x00000210203f7240] Metaspace_lock - owner thread: 0x000002104b7b9800

Heap address: 0x0000000601400000, size: 8172 MB, Compressed Oops mode: Zero based, Oop shift amount: 3

CDS archive(s) not mapped
Compressed class space mapped at: 0x0000000800000000-0x0000000840000000, reserved size: 1073741824
Narrow klass base: 0x0000000800000000, Narrow klass shift: 0, Narrow klass range: 0x40000000

GC Precious Log:
 CPUs: 12 total, 12 available
 Memory: 32672M
 Large Page Support: Disabled
 NUMA Support: Disabled
 Compressed Oops: Enabled (Zero based)
 Heap Region Size: 4M
 Heap Min Capacity: 8M
 Heap Initial Capacity: 512M
 Heap Max Capacity: 8172M
 Pre-touch: Disabled
 Parallel Workers: 10
 Concurrent Workers: 3
 Concurrent Refinement Workers: 10
 Periodic GC: Disabled

Heap:
 garbage-first heap   total 524288K, used 8192K [0x0000000601400000, 0x0000000800000000)
  region size 4096K, 3 young (12288K), 0 survivors (0K)
 Metaspace       used 14580K, committed 14656K, reserved 1114112K
  class space    used 1504K, committed 1536K, reserved 1048576K

Heap Regions: E=young(eden), S=young(survivor), O=old, HS=humongous(starts), HC=humongous(continues), CS=collection set, F=free, OA=open archive, CA=closed archive, TAMS=top-at-mark-start (previous, next)
|   0|0x0000000601400000, 0x0000000601400000, 0x0000000601800000|  0%| F|  |TAMS 0x0000000601400000, 0x0000000601400000| Untracked 
|   1|0x0000000601800000, 0x0000000601800000, 0x0000000601c00000|  0%| F|  |TAMS 0x0000000601800000, 0x0000000601800000| Untracked 
|   2|0x0000000601c00000, 0x0000000601c00000, 0x0000000602000000|  0%| F|  |TAMS 0x0000000601c00000, 0x0000000601c00000| Untracked 
|   3|0x0000000602000000, 0x0000000602000000, 0x0000000602400000|  0%| F|  |TAMS 0x0000000602000000, 0x0000000602000000| Untracked 
|   4|0x0000000602400000, 0x0000000602400000, 0x0000000602800000|  0%| F|  |TAMS 0x0000000602400000, 0x0000000602400000| Untracked 
|   5|0x0000000602800000, 0x0000000602800000, 0x0000000602c00000|  0%| F|  |TAMS 0x0000000602800000, 0x0000000602800000| Untracked 
|   6|0x0000000602c00000, 0x0000000602c00000, 0x0000000603000000|  0%| F|  |TAMS 0x0000000602c00000, 0x0000000602c00000| Untracked 
|   7|0x0000000603000000, 0x0000000603000000, 0x0000000603400000|  0%| F|  |TAMS 0x0000000603000000, 0x0000000603000000| Untracked 
|   8|0x0000000603400000, 0x0000000603400000, 0x0000000603800000|  0%| F|  |TAMS 0x0000000603400000, 0x0000000603400000| Untracked 
|   9|0x0000000603800000, 0x0000000603800000, 0x0000000603c00000|  0%| F|  |TAMS 0x0000000603800000, 0x0000000603800000| Untracked 
|  10|0x0000000603c00000, 0x0000000603c00000, 0x0000000604000000|  0%| F|  |TAMS 0x0000000603c00000, 0x0000000603c00000| Untracked 
|  11|0x0000000604000000, 0x0000000604000000, 0x0000000604400000|  0%| F|  |TAMS 0x0000000604000000, 0x0000000604000000| Untracked 
|  12|0x0000000604400000, 0x0000000604400000, 0x0000000604800000|  0%| F|  |TAMS 0x0000000604400000, 0x0000000604400000| Untracked 
|  13|0x0000000604800000, 0x0000000604800000, 0x0000000604c00000|  0%| F|  |TAMS 0x0000000604800000, 0x0000000604800000| Untracked 
|  14|0x0000000604c00000, 0x0000000604c00000, 0x0000000605000000|  0%| F|  |TAMS 0x0000000604c00000, 0x0000000604c00000| Untracked 
|  15|0x0000000605000000, 0x0000000605000000, 0x0000000605400000|  0%| F|  |TAMS 0x0000000605000000, 0x0000000605000000| Untracked 
|  16|0x0000000605400000, 0x0000000605400000, 0x0000000605800000|  0%| F|  |TAMS 0x0000000605400000, 0x0000000605400000| Untracked 
|  17|0x0000000605800000, 0x0000000605800000, 0x0000000605c00000|  0%| F|  |TAMS 0x0000000605800000, 0x0000000605800000| Untracked 
|  18|0x0000000605c00000, 0x0000000605c00000, 0x0000000606000000|  0%| F|  |TAMS 0x0000000605c00000, 0x0000000605c00000| Untracked 
|  19|0x0000000606000000, 0x0000000606000000, 0x0000000606400000|  0%| F|  |TAMS 0x0000000606000000, 0x0000000606000000| Untracked 
|  20|0x0000000606400000, 0x0000000606400000, 0x0000000606800000|  0%| F|  |TAMS 0x0000000606400000, 0x0000000606400000| Untracked 
|  21|0x0000000606800000, 0x0000000606800000, 0x0000000606c00000|  0%| F|  |TAMS 0x0000000606800000, 0x0000000606800000| Untracked 
|  22|0x0000000606c00000, 0x0000000606c00000, 0x0000000607000000|  0%| F|  |TAMS 0x0000000606c00000, 0x0000000606c00000| Untracked 
|  23|0x0000000607000000, 0x0000000607000000, 0x0000000607400000|  0%| F|  |TAMS 0x0000000607000000, 0x0000000607000000| Untracked 
|  24|0x0000000607400000, 0x0000000607400000, 0x0000000607800000|  0%| F|  |TAMS 0x0000000607400000, 0x0000000607400000| Untracked 
|  25|0x0000000607800000, 0x0000000607800000, 0x0000000607c00000|  0%| F|  |TAMS 0x0000000607800000, 0x0000000607800000| Untracked 
|  26|0x0000000607c00000, 0x0000000607c00000, 0x0000000608000000|  0%| F|  |TAMS 0x0000000607c00000, 0x0000000607c00000| Untracked 
|  27|0x0000000608000000, 0x0000000608000000, 0x0000000608400000|  0%| F|  |TAMS 0x0000000608000000, 0x0000000608000000| Untracked 
|  28|0x0000000608400000, 0x0000000608400000, 0x0000000608800000|  0%| F|  |TAMS 0x0000000608400000, 0x0000000608400000| Untracked 
|  29|0x0000000608800000, 0x0000000608800000, 0x0000000608c00000|  0%| F|  |TAMS 0x0000000608800000, 0x0000000608800000| Untracked 
|  30|0x0000000608c00000, 0x0000000608c00000, 0x0000000609000000|  0%| F|  |TAMS 0x0000000608c00000, 0x0000000608c00000| Untracked 
|  31|0x0000000609000000, 0x0000000609000000, 0x0000000609400000|  0%| F|  |TAMS 0x0000000609000000, 0x0000000609000000| Untracked 
|  32|0x0000000609400000, 0x0000000609400000, 0x0000000609800000|  0%| F|  |TAMS 0x0000000609400000, 0x0000000609400000| Untracked 
|  33|0x0000000609800000, 0x0000000609800000, 0x0000000609c00000|  0%| F|  |TAMS 0x0000000609800000, 0x0000000609800000| Untracked 
|  34|0x0000000609c00000, 0x0000000609c00000, 0x000000060a000000|  0%| F|  |TAMS 0x0000000609c00000, 0x0000000609c00000| Untracked 
|  35|0x000000060a000000, 0x000000060a000000, 0x000000060a400000|  0%| F|  |TAMS 0x000000060a000000, 0x000000060a000000| Untracked 
|  36|0x000000060a400000, 0x000000060a400000, 0x000000060a800000|  0%| F|  |TAMS 0x000000060a400000, 0x000000060a400000| Untracked 
|  37|0x000000060a800000, 0x000000060a800000, 0x000000060ac00000|  0%| F|  |TAMS 0x000000060a800000, 0x000000060a800000| Untracked 
|  38|0x000000060ac00000, 0x000000060ac00000, 0x000000060b000000|  0%| F|  |TAMS 0x000000060ac00000, 0x000000060ac00000| Untracked 
|  39|0x000000060b000000, 0x000000060b000000, 0x000000060b400000|  0%| F|  |TAMS 0x000000060b000000, 0x000000060b000000| Untracked 
|  40|0x000000060b400000, 0x000000060b400000, 0x000000060b800000|  0%| F|  |TAMS 0x000000060b400000, 0x000000060b400000| Untracked 
|  41|0x000000060b800000, 0x000000060b800000, 0x000000060bc00000|  0%| F|  |TAMS 0x000000060b800000, 0x000000060b800000| Untracked 
|  42|0x000000060bc00000, 0x000000060bc00000, 0x000000060c000000|  0%| F|  |TAMS 0x000000060bc00000, 0x000000060bc00000| Untracked 
|  43|0x000000060c000000, 0x000000060c000000, 0x000000060c400000|  0%| F|  |TAMS 0x000000060c000000, 0x000000060c000000| Untracked 
|  44|0x000000060c400000, 0x000000060c400000, 0x000000060c800000|  0%| F|  |TAMS 0x000000060c400000, 0x000000060c400000| Untracked 
|  45|0x000000060c800000, 0x000000060c800000, 0x000000060cc00000|  0%| F|  |TAMS 0x000000060c800000, 0x000000060c800000| Untracked 
|  46|0x000000060cc00000, 0x000000060cc00000, 0x000000060d000000|  0%| F|  |TAMS 0x000000060cc00000, 0x000000060cc00000| Untracked 
|  47|0x000000060d000000, 0x000000060d000000, 0x000000060d400000|  0%| F|  |TAMS 0x000000060d000000, 0x000000060d000000| Untracked 
|  48|0x000000060d400000, 0x000000060d400000, 0x000000060d800000|  0%| F|  |TAMS 0x000000060d400000, 0x000000060d400000| Untracked 
|  49|0x000000060d800000, 0x000000060d800000, 0x000000060dc00000|  0%| F|  |TAMS 0x000000060d800000, 0x000000060d800000| Untracked 
|  50|0x000000060dc00000, 0x000000060dc00000, 0x000000060e000000|  0%| F|  |TAMS 0x000000060dc00000, 0x000000060dc00000| Untracked 
|  51|0x000000060e000000, 0x000000060e000000, 0x000000060e400000|  0%| F|  |TAMS 0x000000060e000000, 0x000000060e000000| Untracked 
|  52|0x000000060e400000, 0x000000060e400000, 0x000000060e800000|  0%| F|  |TAMS 0x000000060e400000, 0x000000060e400000| Untracked 
|  53|0x000000060e800000, 0x000000060e800000, 0x000000060ec00000|  0%| F|  |TAMS 0x000000060e800000, 0x000000060e800000| Untracked 
|  54|0x000000060ec00000, 0x000000060ec00000, 0x000000060f000000|  0%| F|  |TAMS 0x000000060ec00000, 0x000000060ec00000| Untracked 
|  55|0x000000060f000000, 0x000000060f000000, 0x000000060f400000|  0%| F|  |TAMS 0x000000060f000000, 0x000000060f000000| Untracked 
|  56|0x000000060f400000, 0x000000060f400000, 0x000000060f800000|  0%| F|  |TAMS 0x000000060f400000, 0x000000060f400000| Untracked 
|  57|0x000000060f800000, 0x000000060f800000, 0x000000060fc00000|  0%| F|  |TAMS 0x000000060f800000, 0x000000060f800000| Untracked 
|  58|0x000000060fc00000, 0x000000060fc00000, 0x0000000610000000|  0%| F|  |TAMS 0x000000060fc00000, 0x000000060fc00000| Untracked 
|  59|0x0000000610000000, 0x0000000610000000, 0x0000000610400000|  0%| F|  |TAMS 0x0000000610000000, 0x0000000610000000| Untracked 
|  60|0x0000000610400000, 0x0000000610400000, 0x0000000610800000|  0%| F|  |TAMS 0x0000000610400000, 0x0000000610400000| Untracked 
|  61|0x0000000610800000, 0x0000000610800000, 0x0000000610c00000|  0%| F|  |TAMS 0x0000000610800000, 0x0000000610800000| Untracked 
|  62|0x0000000610c00000, 0x0000000610c00000, 0x0000000611000000|  0%| F|  |TAMS 0x0000000610c00000, 0x0000000610c00000| Untracked 
|  63|0x0000000611000000, 0x0000000611000000, 0x0000000611400000|  0%| F|  |TAMS 0x0000000611000000, 0x0000000611000000| Untracked 
|  64|0x0000000611400000, 0x0000000611400000, 0x0000000611800000|  0%| F|  |TAMS 0x0000000611400000, 0x0000000611400000| Untracked 
|  65|0x0000000611800000, 0x0000000611800000, 0x0000000611c00000|  0%| F|  |TAMS 0x0000000611800000, 0x0000000611800000| Untracked 
|  66|0x0000000611c00000, 0x0000000611c00000, 0x0000000612000000|  0%| F|  |TAMS 0x0000000611c00000, 0x0000000611c00000| Untracked 
|  67|0x0000000612000000, 0x0000000612000000, 0x0000000612400000|  0%| F|  |TAMS 0x0000000612000000, 0x0000000612000000| Untracked 
|  68|0x0000000612400000, 0x0000000612400000, 0x0000000612800000|  0%| F|  |TAMS 0x0000000612400000, 0x0000000612400000| Untracked 
|  69|0x0000000612800000, 0x0000000612800000, 0x0000000612c00000|  0%| F|  |TAMS 0x0000000612800000, 0x0000000612800000| Untracked 
|  70|0x0000000612c00000, 0x0000000612c00000, 0x0000000613000000|  0%| F|  |TAMS 0x0000000612c00000, 0x0000000612c00000| Untracked 
|  71|0x0000000613000000, 0x0000000613000000, 0x0000000613400000|  0%| F|  |TAMS 0x0000000613000000, 0x0000000613000000| Untracked 
|  72|0x0000000613400000, 0x0000000613400000, 0x0000000613800000|  0%| F|  |TAMS 0x0000000613400000, 0x0000000613400000| Untracked 
|  73|0x0000000613800000, 0x0000000613800000, 0x0000000613c00000|  0%| F|  |TAMS 0x0000000613800000, 0x0000000613800000| Untracked 
|  74|0x0000000613c00000, 0x0000000613c00000, 0x0000000614000000|  0%| F|  |TAMS 0x0000000613c00000, 0x0000000613c00000| Untracked 
|  75|0x0000000614000000, 0x0000000614000000, 0x0000000614400000|  0%| F|  |TAMS 0x0000000614000000, 0x0000000614000000| Untracked 
|  76|0x0000000614400000, 0x0000000614400000, 0x0000000614800000|  0%| F|  |TAMS 0x0000000614400000, 0x0000000614400000| Untracked 
|  77|0x0000000614800000, 0x0000000614800000, 0x0000000614c00000|  0%| F|  |TAMS 0x0000000614800000, 0x0000000614800000| Untracked 
|  78|0x0000000614c00000, 0x0000000614c00000, 0x0000000615000000|  0%| F|  |TAMS 0x0000000614c00000, 0x0000000614c00000| Untracked 
|  79|0x0000000615000000, 0x0000000615000000, 0x0000000615400000|  0%| F|  |TAMS 0x0000000615000000, 0x0000000615000000| Untracked 
|  80|0x0000000615400000, 0x0000000615400000, 0x0000000615800000|  0%| F|  |TAMS 0x0000000615400000, 0x0000000615400000| Untracked 
|  81|0x0000000615800000, 0x0000000615800000, 0x0000000615c00000|  0%| F|  |TAMS 0x0000000615800000, 0x0000000615800000| Untracked 
|  82|0x0000000615c00000, 0x0000000615c00000, 0x0000000616000000|  0%| F|  |TAMS 0x0000000615c00000, 0x0000000615c00000| Untracked 
|  83|0x0000000616000000, 0x0000000616000000, 0x0000000616400000|  0%| F|  |TAMS 0x0000000616000000, 0x0000000616000000| Untracked 
|  84|0x0000000616400000, 0x0000000616400000, 0x0000000616800000|  0%| F|  |TAMS 0x0000000616400000, 0x0000000616400000| Untracked 
|  85|0x0000000616800000, 0x0000000616800000, 0x0000000616c00000|  0%| F|  |TAMS 0x0000000616800000, 0x0000000616800000| Untracked 
|  86|0x0000000616c00000, 0x0000000616c00000, 0x0000000617000000|  0%| F|  |TAMS 0x0000000616c00000, 0x0000000616c00000| Untracked 
|  87|0x0000000617000000, 0x0000000617000000, 0x0000000617400000|  0%| F|  |TAMS 0x0000000617000000, 0x0000000617000000| Untracked 
|  88|0x0000000617400000, 0x0000000617400000, 0x0000000617800000|  0%| F|  |TAMS 0x0000000617400000, 0x0000000617400000| Untracked 
|  89|0x0000000617800000, 0x0000000617800000, 0x0000000617c00000|  0%| F|  |TAMS 0x0000000617800000, 0x0000000617800000| Untracked 
|  90|0x0000000617c00000, 0x0000000617c00000, 0x0000000618000000|  0%| F|  |TAMS 0x0000000617c00000, 0x0000000617c00000| Untracked 
|  91|0x0000000618000000, 0x0000000618000000, 0x0000000618400000|  0%| F|  |TAMS 0x0000000618000000, 0x0000000618000000| Untracked 
|  92|0x0000000618400000, 0x0000000618400000, 0x0000000618800000|  0%| F|  |TAMS 0x0000000618400000, 0x0000000618400000| Untracked 
|  93|0x0000000618800000, 0x0000000618800000, 0x0000000618c00000|  0%| F|  |TAMS 0x0000000618800000, 0x0000000618800000| Untracked 
|  94|0x0000000618c00000, 0x0000000618c00000, 0x0000000619000000|  0%| F|  |TAMS 0x0000000618c00000, 0x0000000618c00000| Untracked 
|  95|0x0000000619000000, 0x0000000619000000, 0x0000000619400000|  0%| F|  |TAMS 0x0000000619000000, 0x0000000619000000| Untracked 
|  96|0x0000000619400000, 0x0000000619400000, 0x0000000619800000|  0%| F|  |TAMS 0x0000000619400000, 0x0000000619400000| Untracked 
|  97|0x0000000619800000, 0x0000000619800000, 0x0000000619c00000|  0%| F|  |TAMS 0x0000000619800000, 0x0000000619800000| Untracked 
|  98|0x0000000619c00000, 0x0000000619c00000, 0x000000061a000000|  0%| F|  |TAMS 0x0000000619c00000, 0x0000000619c00000| Untracked 
|  99|0x000000061a000000, 0x000000061a000000, 0x000000061a400000|  0%| F|  |TAMS 0x000000061a000000, 0x000000061a000000| Untracked 
| 100|0x000000061a400000, 0x000000061a400000, 0x000000061a800000|  0%| F|  |TAMS 0x000000061a400000, 0x000000061a400000| Untracked 
| 101|0x000000061a800000, 0x000000061a800000, 0x000000061ac00000|  0%| F|  |TAMS 0x000000061a800000, 0x000000061a800000| Untracked 
| 102|0x000000061ac00000, 0x000000061ac00000, 0x000000061b000000|  0%| F|  |TAMS 0x000000061ac00000, 0x000000061ac00000| Untracked 
| 103|0x000000061b000000, 0x000000061b000000, 0x000000061b400000|  0%| F|  |TAMS 0x000000061b000000, 0x000000061b000000| Untracked 
| 104|0x000000061b400000, 0x000000061b400000, 0x000000061b800000|  0%| F|  |TAMS 0x000000061b400000, 0x000000061b400000| Untracked 
| 105|0x000000061b800000, 0x000000061b800000, 0x000000061bc00000|  0%| F|  |TAMS 0x000000061b800000, 0x000000061b800000| Untracked 
| 106|0x000000061bc00000, 0x000000061bc00000, 0x000000061c000000|  0%| F|  |TAMS 0x000000061bc00000, 0x000000061bc00000| Untracked 
| 107|0x000000061c000000, 0x000000061c000000, 0x000000061c400000|  0%| F|  |TAMS 0x000000061c000000, 0x000000061c000000| Untracked 
| 108|0x000000061c400000, 0x000000061c400000, 0x000000061c800000|  0%| F|  |TAMS 0x000000061c400000, 0x000000061c400000| Untracked 
| 109|0x000000061c800000, 0x000000061c800000, 0x000000061cc00000|  0%| F|  |TAMS 0x000000061c800000, 0x000000061c800000| Untracked 
| 110|0x000000061cc00000, 0x000000061cc00000, 0x000000061d000000|  0%| F|  |TAMS 0x000000061cc00000, 0x000000061cc00000| Untracked 
| 111|0x000000061d000000, 0x000000061d000000, 0x000000061d400000|  0%| F|  |TAMS 0x000000061d000000, 0x000000061d000000| Untracked 
| 112|0x000000061d400000, 0x000000061d400000, 0x000000061d800000|  0%| F|  |TAMS 0x000000061d400000, 0x000000061d400000| Untracked 
| 113|0x000000061d800000, 0x000000061d800000, 0x000000061dc00000|  0%| F|  |TAMS 0x000000061d800000, 0x000000061d800000| Untracked 
| 114|0x000000061dc00000, 0x000000061dc00000, 0x000000061e000000|  0%| F|  |TAMS 0x000000061dc00000, 0x000000061dc00000| Untracked 
| 115|0x000000061e000000, 0x000000061e000000, 0x000000061e400000|  0%| F|  |TAMS 0x000000061e000000, 0x000000061e000000| Untracked 
| 116|0x000000061e400000, 0x000000061e400000, 0x000000061e800000|  0%| F|  |TAMS 0x000000061e400000, 0x000000061e400000| Untracked 
| 117|0x000000061e800000, 0x000000061e800000, 0x000000061ec00000|  0%| F|  |TAMS 0x000000061e800000, 0x000000061e800000| Untracked 
| 118|0x000000061ec00000, 0x000000061ec00000, 0x000000061f000000|  0%| F|  |TAMS 0x000000061ec00000, 0x000000061ec00000| Untracked 
| 119|0x000000061f000000, 0x000000061f000000, 0x000000061f400000|  0%| F|  |TAMS 0x000000061f000000, 0x000000061f000000| Untracked 
| 120|0x000000061f400000, 0x000000061f400000, 0x000000061f800000|  0%| F|  |TAMS 0x000000061f400000, 0x000000061f400000| Untracked 
| 121|0x000000061f800000, 0x000000061f800000, 0x000000061fc00000|  0%| F|  |TAMS 0x000000061f800000, 0x000000061f800000| Untracked 
| 122|0x000000061fc00000, 0x000000061fc00000, 0x0000000620000000|  0%| F|  |TAMS 0x000000061fc00000, 0x000000061fc00000| Untracked 
| 123|0x0000000620000000, 0x0000000620000000, 0x0000000620400000|  0%| F|  |TAMS 0x0000000620000000, 0x0000000620000000| Untracked 
| 124|0x0000000620400000, 0x0000000620400000, 0x0000000620800000|  0%| F|  |TAMS 0x0000000620400000, 0x0000000620400000| Untracked 
| 125|0x0000000620800000, 0x0000000620c00000, 0x0000000620c00000|100%| E|  |TAMS 0x0000000620800000, 0x0000000620800000| Complete 
| 126|0x0000000620c00000, 0x0000000621000000, 0x0000000621000000|100%| E|CS|TAMS 0x0000000620c00000, 0x0000000620c00000| Complete 
| 127|0x0000000621000000, 0x0000000621400000, 0x0000000621400000|100%| E|CS|TAMS 0x0000000621000000, 0x0000000621000000| Complete 

Card table byte_map: [0x00000210362f0000,0x00000210372f0000] _byte_map_base: 0x00000210332e6000

Marking Bits (Prev, Next): (CMBitMap*) 0x00000210226e57e0, (CMBitMap*) 0x00000210226e5820
 Prev Bits: [0x00000210382f0000, 0x00000210402a0000)
 Next Bits: [0x00000210402a0000, 0x0000021048250000)

Polling page: 0x00000210205b0000

Metaspace:

Usage:
  Non-class:     12.77 MB used.
      Class:      1.47 MB used.
       Both:     14.24 MB used.

Virtual space:
  Non-class space:       64.00 MB reserved,      12.81 MB ( 20%) committed,  1 nodes.
      Class space:        1.00 GB reserved,       1.50 MB ( <1%) committed,  1 nodes.
             Both:        1.06 GB reserved,      14.31 MB (  1%) committed. 

Chunk freelists:
   Non-Class:  2.62 MB
       Class:  14.50 MB
        Both:  17.13 MB

MaxMetaspaceSize: unlimited
CompressedClassSpaceSize: 1.00 GB
Initial GC threshold: 21.00 MB
Current GC threshold: 21.00 MB
CDS: off
MetaspaceReclaimPolicy: balanced
 - commit_granule_bytes: 65536.
 - commit_granule_words: 8192.
 - virtual_space_node_default_size: 8388608.
 - enlarge_chunks_in_place: 1.
 - new_chunks_are_fully_committed: 0.
 - uncommit_free_chunks: 1.
 - use_allocation_guard: 0.
 - handle_deallocations: 1.


Internal statistics:

num_allocs_failed_limit: 0.
num_arena_births: 120.
num_arena_deaths: 0.
num_vsnodes_births: 2.
num_vsnodes_deaths: 0.
num_space_committed: 229.
num_space_uncommitted: 0.
num_chunks_returned_to_freelist: 0.
num_chunks_taken_from_freelist: 238.
num_chunk_merges: 0.
num_chunk_splits: 141.
num_chunks_enlarged: 91.
num_inconsistent_stats: 0.

CodeHeap 'non-profiled nmethods': size=120000Kb used=257Kb max_used=257Kb free=119743Kb
 bounds [0x000002102d870000, 0x000002102dae0000, 0x0000021034da0000]
CodeHeap 'profiled nmethods': size=120000Kb used=1337Kb max_used=1337Kb free=118662Kb
 bounds [0x0000021025da0000, 0x0000021026010000, 0x000002102d2d0000]
CodeHeap 'non-nmethods': size=5760Kb used=1176Kb max_used=1188Kb free=4583Kb
 bounds [0x000002102d2d0000, 0x000002102d540000, 0x000002102d870000]
 total_blobs=1328 nmethods=859 adapters=382
 compilation: enabled
              stopped_count=0, restarted_count=0
 full_count=0

Compilation events (20 events):
Event: 0.310 Thread 0x000002104aff0600  848       3       jdk.internal.org.objectweb.asm.MethodWriter::visitEnd (1 bytes)
Event: 0.310 Thread 0x000002104aff0600 nmethod 848 0x0000021025edeb90 code [0x0000021025eded20, 0x0000021025edee38]
Event: 0.310 Thread 0x000002104aff0600  849       3       jdk.internal.org.objectweb.asm.MethodWriter::computeMethodInfoSize (571 bytes)
Event: 0.311 Thread 0x000002104aff0600 nmethod 849 0x0000021025edef10 code [0x0000021025edf240, 0x0000021025ee0228]
Event: 0.311 Thread 0x000002104aff0600  850       3       jdk.internal.org.objectweb.asm.MethodWriter::hasFrames (13 bytes)
Event: 0.311 Thread 0x000002104aff0600 nmethod 850 0x0000021025ee0890 code [0x0000021025ee0a20, 0x0000021025ee0b98]
Event: 0.311 Thread 0x000002104aff0600  851       3       jdk.internal.org.objectweb.asm.MethodWriter::putMethodInfo (1274 bytes)
Event: 0.313 Thread 0x000002104aff0600 nmethod 851 0x0000021025ee0c10 code [0x0000021025ee12e0, 0x0000021025ee3c48]
Event: 0.313 Thread 0x000002104aff0600  852       3       jdk.internal.org.objectweb.asm.MethodWriter::<init> (232 bytes)
Event: 0.313 Thread 0x000002104aff0600 nmethod 852 0x0000021025ee4f10 code [0x0000021025ee51a0, 0x0000021025ee5f78]
Event: 0.313 Thread 0x000002104aff0600  854       3       java.lang.invoke.DirectMethodHandle::<init> (148 bytes)
Event: 0.313 Thread 0x000002104aff0600 nmethod 854 0x0000021025ee6490 code [0x0000021025ee6740, 0x0000021025ee76a8]
Event: 0.313 Thread 0x000002104aff0600  858       3       java.lang.Byte::<init> (10 bytes)
Event: 0.314 Thread 0x000002104aff0600 nmethod 858 0x0000021025ee7b90 code [0x0000021025ee7d40, 0x0000021025ee7f18]
Event: 0.314 Thread 0x000002104aff0600  857       3       jdk.internal.misc.Unsafe::makeLong (25 bytes)
Event: 0.314 Thread 0x000002104aff0600 nmethod 857 0x0000021025ee8010 code [0x0000021025ee81c0, 0x0000021025ee8478]
Event: 0.314 Thread 0x000002104aff0600  855       3       java.lang.StringBuilder::append (8 bytes)
Event: 0.314 Thread 0x000002104aff0600 nmethod 855 0x0000021025ee8590 code [0x0000021025ee8720, 0x0000021025ee8868]
Event: 0.314 Thread 0x000002104aff0600  856       3       java.lang.AbstractStringBuilder::append (55 bytes)
Event: 0.314 Thread 0x000002104aff0600 nmethod 856 0x0000021025ee8910 code [0x0000021025ee8ae0, 0x0000021025ee8e18]

GC Heap History (0 events):
No events

Dll operation events (1 events):
Event: 0.004 Loaded shared library C:\Program Files\JetBrains\IntelliJ IDEA 2023.2.3\jbr\bin\java.dll

Deoptimization events (8 events):
Event: 0.250 Thread 0x00000210226374e0 DEOPT PACKING pc=0x0000021025db51e7 sp=0x000000d72aefb8b0
Event: 0.250 Thread 0x00000210226374e0 DEOPT UNPACKING pc=0x000002102d327143 sp=0x000000d72aefacd0 mode 0
Event: 0.261 Thread 0x00000210226374e0 Uncommon trap: trap_request=0xffffff45 fr.pc=0x000002102d8877f4 relative=0x00000000000003d4
Event: 0.261 Thread 0x00000210226374e0 Uncommon trap: reason=unstable_if action=reinterpret pc=0x000002102d8877f4 method=java.lang.StringLatin1.newString([BII)Ljava/lang/String; @ 1 c2
Event: 0.261 Thread 0x00000210226374e0 DEOPT PACKING pc=0x000002102d8877f4 sp=0x000000d72aefe3a0
Event: 0.261 Thread 0x00000210226374e0 DEOPT UNPACKING pc=0x000002102d3269a3 sp=0x000000d72aefe368 mode 2
Event: 0.274 Thread 0x00000210226374e0 DEOPT PACKING pc=0x0000021025db4551 sp=0x000000d72aefe2d0
Event: 0.274 Thread 0x00000210226374e0 DEOPT UNPACKING pc=0x000002102d327143 sp=0x000000d72aefd748 mode 0

Classes unloaded (0 events):
No events

Classes redefined (0 events):
No events

Internal exceptions (20 events):
Event: 0.140 Thread 0x00000210226374e0 Exception <a 'java/lang/NoSuchMethodError'{0x00000006213a1198}: 'void java.lang.invoke.DirectMethodHandle$Holder.invokeStaticInit(java.lang.Object, java.lang.Object)'> (0x00000006213a1198) 
thrown [s\src\hotspot\share\interpreter\linkResolver.cpp, line 771]
Event: 0.141 Thread 0x00000210226374e0 Exception <a 'java/lang/NoSuchMethodError'{0x00000006213a7a90}: 'int java.lang.invoke.DirectMethodHandle$Holder.invokeStaticInit(java.lang.Object, java.lang.Object)'> (0x00000006213a7a90) 
thrown [s\src\hotspot\share\interpreter\linkResolver.cpp, line 771]
Event: 0.162 Thread 0x00000210226374e0 Exception <a 'java/lang/NoSuchMethodError'{0x0000000620c8e460}: 'java.lang.Object java.lang.invoke.DirectMethodHandle$Holder.invokeStaticInit(java.lang.Object, int, int, int, int)'> (0x0000000620c8e460) 
thrown [s\src\hotspot\share\interpreter\linkResolver.cpp, line 771]
Event: 0.204 Thread 0x00000210226374e0 Exception <a 'java/lang/NoSuchMethodError'{0x0000000620d3a348}: 'java.lang.Object java.lang.invoke.DirectMethodHandle$Holder.invokeStaticInit(java.lang.Object, java.lang.Object, int, int, int, int)'> (0x0000000620d3a348) 
thrown [s\src\hotspot\share\interpreter\linkResolver.cpp, line 771]
Event: 0.210 Thread 0x00000210226374e0 Exception <a 'java/lang/NoSuchMethodError'{0x0000000620da3018}: 'java.lang.Object java.lang.invoke.DirectMethodHandle$Holder.invokeStatic(java.lang.Object, java.lang.Object, int)'> (0x0000000620da3018) 
thrown [s\src\hotspot\share\interpreter\linkResolver.cpp, line 771]
Event: 0.210 Thread 0x00000210226374e0 Exception <a 'java/lang/NoSuchMethodError'{0x0000000620da6790}: 'java.lang.Object java.lang.invoke.DirectMethodHandle$Holder.invokeStaticInit(java.lang.Object, java.lang.Object, int)'> (0x0000000620da6790) 
thrown [s\src\hotspot\share\interpreter\linkResolver.cpp, line 771]
Event: 0.210 Thread 0x00000210226374e0 Exception <a 'java/lang/NoSuchMethodError'{0x0000000620dacb40}: 'java.lang.Object java.lang.invoke.DirectMethodHandle$Holder.newInvokeSpecial(java.lang.Object, java.lang.Object, int)'> (0x0000000620dacb40) 
thrown [s\src\hotspot\share\interpreter\linkResolver.cpp, line 771]
Event: 0.212 Thread 0x00000210226374e0 Exception <a 'java/lang/NoSuchMethodError'{0x0000000620dbc280}: 'int java.lang.invoke.DirectMethodHandle$Holder.invokeStaticInit(java.lang.Object, java.lang.Object, java.lang.Object)'> (0x0000000620dbc280) 
thrown [s\src\hotspot\share\interpreter\linkResolver.cpp, line 771]
Event: 0.214 Thread 0x00000210226374e0 Exception <a 'java/lang/NoSuchMethodError'{0x0000000620dcc460}: 'int java.lang.invoke.DirectMethodHandle$Holder.invokeSpecial(java.lang.Object, java.lang.Object, java.lang.Object)'> (0x0000000620dcc460) 
thrown [s\src\hotspot\share\interpreter\linkResolver.cpp, line 771]
Event: 0.214 Thread 0x00000210226374e0 Exception <a 'java/lang/NoSuchMethodError'{0x0000000620dd4840}: 'int java.lang.invoke.DirectMethodHandle$Holder.invokeSpecialIFC(java.lang.Object, java.lang.Object, java.lang.Object)'> (0x0000000620dd4840) 
thrown [s\src\hotspot\share\interpreter\linkResolver.cpp, line 771]
Event: 0.230 Thread 0x00000210226374e0 Exception <a 'java/lang/NoSuchMethodError'{0x0000000620e60c30}: 'java.lang.Object java.lang.invoke.DirectMethodHandle$Holder.invokeStaticInit(java.lang.Object)'> (0x0000000620e60c30) 
thrown [s\src\hotspot\share\interpreter\linkResolver.cpp, line 771]
Event: 0.267 Thread 0x00000210226374e0 Exception <a 'java/lang/NoSuchMethodError'{0x0000000620fb20c0}: 'java.lang.Object java.lang.invoke.DirectMethodHandle$Holder.newInvokeSpecial(java.lang.Object, java.lang.Object, java.lang.Object, java.lang.Object, java.lang.Object)'> (0x0000000620fb20c0) 
thrown [s\src\hotspot\share\interpreter\linkResolver.cpp, line 771]
Event: 0.285 Thread 0x00000210226374e0 Exception <a 'java/lang/NoSuchMethodError'{0x00000006209649b8}: 'java.lang.Object java.lang.invoke.DirectMethodHandle$Holder.invokeSpecial(java.lang.Object, java.lang.Object, java.lang.Object, java.lang.Object, int)'> (0x00000006209649b8) 
thrown [s\src\hotspot\share\interpreter\linkResolver.cpp, line 771]
Event: 0.285 Thread 0x00000210226374e0 Exception <a 'java/lang/NoSuchMethodError'{0x0000000620968580}: 'java.lang.Object java.lang.invoke.Invokers$Holder.linkToTargetMethod(java.lang.Object, java.lang.Object, int, java.lang.Object)'> (0x0000000620968580) 
thrown [s\src\hotspot\share\interpreter\linkResolver.cpp, line 771]
Event: 0.291 Thread 0x00000210226374e0 Exception <a 'java/lang/NoSuchMethodError'{0x00000006209c94e0}: 'void java.lang.invoke.DirectMethodHandle$Holder.invokeSpecial(java.lang.Object, java.lang.Object, java.lang.Object)'> (0x00000006209c94e0) 
thrown [s\src\hotspot\share\interpreter\linkResolver.cpp, line 771]
Event: 0.300 Thread 0x000002104b6e1150 Exception <a 'java/lang/NoSuchMethodError'{0x0000000620ffa908}: 'void java.lang.invoke.DirectMethodHandle$Holder.invokeStatic(java.lang.Object, java.lang.Object, int)'> (0x0000000620ffa908) 
thrown [s\src\hotspot\share\interpreter\linkResolver.cpp, line 771]
Event: 0.300 Thread 0x00000210226374e0 Exception <a 'java/lang/NoSuchMethodError'{0x0000000620a4f8e0}: 'void java.lang.invoke.DirectMethodHandle$Holder.invokeSpecial(java.lang.Object, java.lang.Object, java.lang.Object, java.lang.Object, java.lang.Object)'> (0x0000000620a4f8e0) 
thrown [s\src\hotspot\share\interpreter\linkResolver.cpp, line 771]
Event: 0.303 Thread 0x000002104b7b9800 Exception <a 'java/lang/NoSuchMethodError'{0x0000000620b20648}: 'void java.lang.invoke.DirectMethodHandle$Holder.invokeInterface(java.lang.Object, java.lang.Object, java.lang.Object)'> (0x0000000620b20648) 
thrown [s\src\hotspot\share\interpreter\linkResolver.cpp, line 771]
Event: 0.305 Thread 0x000002104b7b9800 Exception <a 'java/lang/NoSuchMethodError'{0x0000000620b36b30}: 'int java.lang.invoke.DirectMethodHandle$Holder.invokeStaticInit(java.lang.Object, int, int)'> (0x0000000620b36b30) 
thrown [s\src\hotspot\share\interpreter\linkResolver.cpp, line 771]
Event: 0.308 Thread 0x000002104b7b9800 Exception <a 'java/lang/NoSuchMethodError'{0x0000000620b7a1f8}: 'void java.lang.invoke.DirectMethodHandle$Holder.invokeVirtual(java.lang.Object, java.lang.Object)'> (0x0000000620b7a1f8) 
thrown [s\src\hotspot\share\interpreter\linkResolver.cpp, line 771]

VM Operations (8 events):
Event: 0.067 Executing VM operation: HandshakeAllThreads
Event: 0.067 Executing VM operation: HandshakeAllThreads done
Event: 0.076 Executing VM operation: HandshakeAllThreads
Event: 0.076 Executing VM operation: HandshakeAllThreads done
Event: 0.170 Executing VM operation: HandshakeAllThreads
Event: 0.170 Executing VM operation: HandshakeAllThreads done
Event: 0.232 Executing VM operation: HandshakeAllThreads
Event: 0.232 Executing VM operation: HandshakeAllThreads done

Events (20 events):
Event: 0.314 loading class sun/security/ssl/ServerNameExtension$SHServerNameConsumer done
Event: 0.314 loading class sun/security/ssl/ServerNameExtension$SHServerNamesStringizer
Event: 0.314 loading class sun/security/ssl/ServerNameExtension$SHServerNamesStringizer done
Event: 0.314 loading class sun/security/ssl/ServerNameExtension$EEServerNameProducer
Event: 0.314 loading class sun/security/ssl/ServerNameExtension$EEServerNameProducer done
Event: 0.314 loading class sun/security/ssl/ServerNameExtension$EEServerNameConsumer
Event: 0.314 loading class sun/security/ssl/ServerNameExtension$EEServerNameConsumer done
Event: 0.314 loading class sun/security/ssl/MaxFragExtension
Event: 0.314 loading class sun/security/ssl/MaxFragExtension done
Event: 0.314 loading class sun/security/ssl/MaxFragExtension$CHMaxFragmentLengthProducer
Event: 0.314 loading class sun/security/ssl/MaxFragExtension$CHMaxFragmentLengthProducer done
Event: 0.314 loading class sun/security/ssl/MaxFragExtension$CHMaxFragmentLengthConsumer
Event: 0.314 loading class sun/security/ssl/MaxFragExtension$CHMaxFragmentLengthConsumer done
Event: 0.314 loading class sun/security/ssl/MaxFragExtension$SHMaxFragmentLengthProducer
Event: 0.314 loading class sun/security/ssl/MaxFragExtension$SHMaxFragmentLengthProducer done
Event: 0.314 loading class sun/security/ssl/MaxFragExtension$SHMaxFragmentLengthConsumer
Event: 0.314 loading class sun/security/ssl/MaxFragExtension$SHMaxFragmentLengthConsumer done
Event: 0.314 loading class sun/security/ssl/MaxFragExtension$SHMaxFragmentLengthUpdate
Event: 0.314 loading class sun/security/ssl/MaxFragExtension$SHMaxFragmentLengthUpdate done
Event: 0.314 loading class sun/security/ssl/MaxFragExtension$EEMaxFragmentLengthProducer


Dynamic libraries:
0x00007ff677890000 - 0x00007ff67789a000 	C:\Program Files\JetBrains\IntelliJ IDEA 2023.2.3\jbr\bin\java.exe
0x00007ffe08250000 - 0x00007ffe08467000 	C:\WINDOWS\SYSTEM32\ntdll.dll
0x00007ffe07400000 - 0x00007ffe074c4000 	C:\WINDOWS\System32\KERNEL32.DLL
0x00007ffe05bf0000 - 0x00007ffe05f95000 	C:\WINDOWS\System32\KERNELBASE.dll
0x00007ffe05a10000 - 0x00007ffe05b21000 	C:\WINDOWS\System32\ucrtbase.dll
0x00007ffdf7fc0000 - 0x00007ffdf7fd7000 	C:\Program Files\JetBrains\IntelliJ IDEA 2023.2.3\jbr\bin\jli.dll
0x00007ffdf5a30000 - 0x00007ffdf5a4b000 	C:\Program Files\JetBrains\IntelliJ IDEA 2023.2.3\jbr\bin\VCRUNTIME140.dll
0x00007ffe07d40000 - 0x00007ffe07eee000 	C:\WINDOWS\System32\USER32.dll
0x00007ffe055c0000 - 0x00007ffe055e6000 	C:\WINDOWS\System32\win32u.dll
0x00007ffdd9f20000 - 0x00007ffdda1b3000 	C:\WINDOWS\WinSxS\amd64_microsoft.windows.common-controls_6595b64144ccf1df_6.0.22621.2506_none_270c5ae97388e100\COMCTL32.dll
0x00007ffe07bf0000 - 0x00007ffe07c19000 	C:\WINDOWS\System32\GDI32.dll
0x00007ffe05760000 - 0x00007ffe05879000 	C:\WINDOWS\System32\gdi32full.dll
0x00007ffe06490000 - 0x00007ffe06537000 	C:\WINDOWS\System32\msvcrt.dll
0x00007ffe05880000 - 0x00007ffe0591a000 	C:\WINDOWS\System32\msvcp_win.dll
0x00007ffe07cf0000 - 0x00007ffe07d21000 	C:\WINDOWS\System32\IMM32.DLL
0x00007ffdf9020000 - 0x00007ffdf902c000 	C:\Program Files\JetBrains\IntelliJ IDEA 2023.2.3\jbr\bin\vcruntime140_1.dll
0x00007ffded040000 - 0x00007ffded0cd000 	C:\Program Files\JetBrains\IntelliJ IDEA 2023.2.3\jbr\bin\msvcp140.dll
0x00007ffd74d00000 - 0x00007ffd75983000 	C:\Program Files\JetBrains\IntelliJ IDEA 2023.2.3\jbr\bin\server\jvm.dll
0x00007ffe063d0000 - 0x00007ffe06481000 	C:\WINDOWS\System32\ADVAPI32.dll
0x00007ffe074f0000 - 0x00007ffe07596000 	C:\WINDOWS\System32\sechost.dll
0x00007ffe07650000 - 0x00007ffe07767000 	C:\WINDOWS\System32\RPCRT4.dll
0x00007ffdd7f40000 - 0x00007ffdd7f49000 	C:\WINDOWS\SYSTEM32\WSOCK32.dll
0x00007ffe04410000 - 0x00007ffe0445d000 	C:\WINDOWS\SYSTEM32\POWRPROF.dll
0x00007ffde0570000 - 0x00007ffde05a4000 	C:\WINDOWS\SYSTEM32\WINMM.dll
0x00007ffe08120000 - 0x00007ffe08191000 	C:\WINDOWS\System32\WS2_32.dll
0x00007ffdfcec0000 - 0x00007ffdfceca000 	C:\WINDOWS\SYSTEM32\VERSION.dll
0x00007ffe043f0000 - 0x00007ffe04403000 	C:\WINDOWS\SYSTEM32\UMPDC.dll
0x00007ffe04650000 - 0x00007ffe04668000 	C:\WINDOWS\SYSTEM32\kernel.appcore.dll
0x00007ffdf9490000 - 0x00007ffdf949a000 	C:\Program Files\JetBrains\IntelliJ IDEA 2023.2.3\jbr\bin\jimage.dll
0x00007ffdfc0f0000 - 0x00007ffdfc323000 	C:\WINDOWS\SYSTEM32\DBGHELP.DLL
0x00007ffe067c0000 - 0x00007ffe06b49000 	C:\WINDOWS\System32\combase.dll
0x00007ffe06560000 - 0x00007ffe06637000 	C:\WINDOWS\System32\OLEAUT32.dll
0x00007ffdfc000000 - 0x00007ffdfc032000 	C:\WINDOWS\SYSTEM32\dbgcore.DLL
0x00007ffe05920000 - 0x00007ffe0599a000 	C:\WINDOWS\System32\bcryptPrimitives.dll
0x00007ffdf9280000 - 0x00007ffdf92a5000 	C:\Program Files\JetBrains\IntelliJ IDEA 2023.2.3\jbr\bin\java.dll
0x00007ffdf8b80000 - 0x00007ffdf8b98000 	C:\Program Files\JetBrains\IntelliJ IDEA 2023.2.3\jbr\bin\zip.dll
0x00007ffe06b50000 - 0x00007ffe073a9000 	C:\WINDOWS\System32\SHELL32.dll
0x00007ffe034f0000 - 0x00007ffe03de4000 	C:\WINDOWS\SYSTEM32\windows.storage.dll
0x00007ffe033b0000 - 0x00007ffe034ee000 	C:\WINDOWS\SYSTEM32\wintypes.dll
0x00007ffe060f0000 - 0x00007ffe061e3000 	C:\WINDOWS\System32\SHCORE.dll
0x00007ffe07c20000 - 0x00007ffe07c7e000 	C:\WINDOWS\System32\shlwapi.dll
0x00007ffe054f0000 - 0x00007ffe05516000 	C:\WINDOWS\SYSTEM32\profapi.dll
0x00007ffdf8390000 - 0x00007ffdf83a9000 	C:\Program Files\JetBrains\IntelliJ IDEA 2023.2.3\jbr\bin\net.dll
0x00007ffdff230000 - 0x00007ffdff367000 	C:\WINDOWS\SYSTEM32\WINHTTP.dll
0x00007ffe04b30000 - 0x00007ffe04b99000 	C:\WINDOWS\system32\mswsock.dll
0x00007ffdf81a0000 - 0x00007ffdf81b6000 	C:\Program Files\JetBrains\IntelliJ IDEA 2023.2.3\jbr\bin\nio.dll
0x00007ffdf8b50000 - 0x00007ffdf8b5e000 	C:\Program Files\JetBrains\IntelliJ IDEA 2023.2.3\jbr\bin\sunmscapi.dll
0x00007ffe055f0000 - 0x00007ffe05756000 	C:\WINDOWS\System32\CRYPT32.dll
0x00007ffe04f20000 - 0x00007ffe04f4d000 	C:\WINDOWS\SYSTEM32\ncrypt.dll
0x00007ffe04ee0000 - 0x00007ffe04f17000 	C:\WINDOWS\SYSTEM32\NTASN1.dll
0x00007ffe04d80000 - 0x00007ffe04d9b000 	C:\WINDOWS\SYSTEM32\CRYPTSP.dll
0x00007ffe04610000 - 0x00007ffe04645000 	C:\WINDOWS\system32\rsaenh.dll
0x00007ffe04c20000 - 0x00007ffe04c4c000 	C:\WINDOWS\SYSTEM32\USERENV.dll
0x00007ffe04f50000 - 0x00007ffe04f78000 	C:\WINDOWS\SYSTEM32\bcrypt.dll
0x00007ffe04da0000 - 0x00007ffe04dac000 	C:\WINDOWS\SYSTEM32\CRYPTBASE.dll
0x00007ffe040c0000 - 0x00007ffe040ed000 	C:\WINDOWS\SYSTEM32\IPHLPAPI.DLL
0x00007ffe074e0000 - 0x00007ffe074e9000 	C:\WINDOWS\System32\NSI.dll
0x00007ffdff430000 - 0x00007ffdff449000 	C:\WINDOWS\SYSTEM32\dhcpcsvc6.DLL
0x00007ffdff000000 - 0x00007ffdff01f000 	C:\WINDOWS\SYSTEM32\dhcpcsvc.DLL
0x00007ffe04130000 - 0x00007ffe04229000 	C:\WINDOWS\SYSTEM32\DNSAPI.dll
0x00007ffd0d370000 - 0x00007ffd0d378000 	C:\WINDOWS\system32\wshunix.dll

dbghelp: loaded successfully - version: 4.0.5 - missing functions: none
symbol engine: initialized successfully - sym options: 0x614 - pdb path: .;C:\Program Files\JetBrains\IntelliJ IDEA 2023.2.3\jbr\bin;C:\WINDOWS\SYSTEM32;C:\WINDOWS\WinSxS\amd64_microsoft.windows.common-controls_6595b64144ccf1df_6.0.22621.2506_none_270c5ae97388e100;C:\Program Files\JetBrains\IntelliJ IDEA 2023.2.3\jbr\bin\server

VM Arguments:
java_command: git4idea.http.GitAskPassApp Password for 'https://KhobitheCode@github.com': 
java_class_path (initial): C:/Program Files/JetBrains/IntelliJ IDEA 2023.2.3/plugins/vcs-git/lib/git4idea-rt.jar;C:/Program Files/JetBrains/IntelliJ IDEA 2023.2.3/lib/externalProcess-rt.jar
Launcher Type: SUN_STANDARD

[Global flags]
     intx CICompilerCount                          = 4                                         {product} {ergonomic}
     uint ConcGCThreads                            = 3                                         {product} {ergonomic}
     uint G1ConcRefinementThreads                  = 10                                        {product} {ergonomic}
   size_t G1HeapRegionSize                         = 4194304                                   {product} {ergonomic}
    uintx GCDrainStackTargetSize                   = 64                                        {product} {ergonomic}
   size_t InitialHeapSize                          = 536870912                                 {product} {ergonomic}
   size_t MarkStackSize                            = 4194304                                   {product} {ergonomic}
   size_t MaxHeapSize                              = 8568963072                                {product} {ergonomic}
   size_t MaxNewSize                               = 5138022400                                {product} {ergonomic}
   size_t MinHeapDeltaBytes                        = 4194304                                   {product} {ergonomic}
   size_t MinHeapSize                              = 8388608                                   {product} {ergonomic}
    uintx NonNMethodCodeHeapSize                   = 5839372                                {pd product} {ergonomic}
    uintx NonProfiledCodeHeapSize                  = 122909434                              {pd product} {ergonomic}
    uintx ProfiledCodeHeapSize                     = 122909434                              {pd product} {ergonomic}
    uintx ReservedCodeCacheSize                    = 251658240                              {pd product} {ergonomic}
     bool SegmentedCodeCache                       = true                                      {product} {ergonomic}
   size_t SoftMaxHeapSize                          = 8568963072                             {manageable} {ergonomic}
     bool UseCompressedClassPointers               = true                           {product lp64_product} {ergonomic}
     bool UseCompressedOops                        = true                           {product lp64_product} {ergonomic}
     bool UseG1GC                                  = true                                      {product} {ergonomic}
     bool UseLargePagesIndividualAllocation        = false                                  {pd product} {ergonomic}

Logging:
Log output configuration:
 #0: stdout all=warning uptime,level,tags
 #1: stderr all=off uptime,level,tags

Environment Variables:
JAVA_HOME=C:\Program Files\Eclipse Adoptium\jdk-17.0.6.10-hotspot\
PATH=C:/Program Files/Git/mingw64/libexec/git-core;C:/Program Files/Git/mingw64/libexec/git-core;C:\Program Files\Git\mingw64\bin;C:\Program Files\Git\usr\bin;C:\Users\zafar\bin;C:\Program Files\Eclipse Adoptium\jdk-17.0.6.10-hotspot\bin;C:\Program Files\Common Files\Oracle\Java\javapath;C:\Program Files (x86)\Common Files\Oracle\Java\javapath;C:\Program Files\Temurin\jdk-8.0.302.8-hotspot\bin;C:\Windows\system32;C:\Windows;C:\Windows\System32\Wbem;C:\Windows\System32\WindowsPowerShell\v1.0\;C:\Windows\System32\OpenSSH\;C:\Program Files (x86)\NVIDIA Corporation\PhysX\Common;C:\Program Files\NVIDIA Corporation\NVIDIA NvDLISR;C:\Program Files\dotnet\;C:\WINDOWS\system32;C:\WINDOWS;C:\WINDOWS\System32\Wbem;C:\WINDOWS\System32\WindowsPowerShell\v1.0\;C:\WINDOWS\System32\OpenSSH\;C:\Program Files\Git\cmd;C:\Program Files\Microsoft SQL Server\150\Tools\Binn\;C:\Program Files\Microsoft SQL Server\Client SDK\ODBC\170\Tools\Binn\;C:\Users\zafar\AppData\Local\Microsoft\WindowsApps;C:\Users\zafar\.dotnet\tools;C:\Program Files (x86)\Nmap;C:\Users\zafar\AppData\Local\Programs\Microsoft VS Code\bin;C:\Users\zafar\AppData\Local\Programs\Azure Data Studio\bin
USERNAME=zafar
DISPLAY=:0.0
LC_ALL=en_US.UTF-8
TERM=xterm-256color
TMPDIR=C:\Users\zafar\AppData\Local\Temp
OS=Windows_NT
PROCESSOR_IDENTIFIER=AMD64 Family 25 Model 33 Stepping 0, AuthenticAMD
TMP=C:\Users\zafar\AppData\Local\Temp
TEMP=C:\Users\zafar\AppData\Local\Temp


JNI global refs:
JNI global refs: 19, weak refs: 0

JNI global refs memory usage: 843, weak refs: 209

OOME stack traces (most recent first):
Classloader memory used:
