#
# There is insufficient memory for the Java Runtime Environment to continue.
# Native memory allocation (mmap) failed to map 536870912 bytes for G1 virtual space
# Possible reasons:
#   The system is out of physical RAM or swap space
#   The process is running with CompressedOops enabled, and the Java Heap may be blocking the growth of the native heap
# Possible solutions:
#   Reduce memory load on the system
#   Increase physical memory or swap space
#   Check if swap backing store is full
#   Decrease Java heap size (-Xmx/-Xms)
#   Decrease number of Java threads
#   Decrease Java thread stack sizes (-Xss)
#   Set larger code cache with -XX:ReservedCodeCacheSize=
#   JVM is running with Zero Based Compressed Oops mode in which the Java heap is
#     placed in the first 32GB address space. The Java Heap base address is the
#     maximum limit for the native heap growth. Please use -XX:HeapBaseMinAddress
#     to set the Java Heap base and to place the Java Heap above 32GB virtual address.
# This output file may be truncated or incomplete.
#
#  Out of Memory Error (os_windows.cpp:3829), pid=78344, tid=17816
#
# JRE version:  (17.0.8.1+7) (build )
# Java VM: OpenJDK 64-Bit Server VM (17.0.8.1+7-b1000.32, mixed mode, sharing, tiered, compressed oops, compressed class ptrs, g1 gc, windows-amd64)
# No core dump will be written. Minidumps are not enabled by default on client versions of Windows
#

---------------  S U M M A R Y ------------

Command Line: git4idea.http.GitAskPassApp Username for 'https://github.com': 

Host: AMD Ryzen 5 5600X 6-Core Processor             , 12 cores, 31G,  Windows 11 , 64 bit Build 22621 (10.0.22621.2506)
Time: Fri Dec  8 02:33:50 2023 Pacific Standard Time elapsed time: 0.020865 seconds (0d 0h 0m 0s)

---------------  T H R E A D  ---------------

Current thread (0x000001fe672b7460):  JavaThread "Unknown thread" [_thread_in_vm, id=17816, stack(0x000000c8c8a00000,0x000000c8c8b00000)]

Stack: [0x000000c8c8a00000,0x000000c8c8b00000]
Native frames: (J=compiled Java code, j=interpreted, Vv=VM code, C=native code)
V  [jvm.dll+0x6852da]
V  [jvm.dll+0x844c84]
V  [jvm.dll+0x84659e]
V  [jvm.dll+0x846c03]
V  [jvm.dll+0x24b7cf]
V  [jvm.dll+0x682049]
V  [jvm.dll+0x67671a]
V  [jvm.dll+0x30be2b]
V  [jvm.dll+0x3132d6]
V  [jvm.dll+0x36302e]
V  [jvm.dll+0x36325f]
V  [jvm.dll+0x2e1f48]
V  [jvm.dll+0x2e2eb4]
V  [jvm.dll+0x815c11]
V  [jvm.dll+0x370df1]
V  [jvm.dll+0x7f4fdc]
V  [jvm.dll+0x3f3f1f]
V  [jvm.dll+0x3f5b31]
C  [jli.dll+0x528f]
C  [ucrtbase.dll+0x29363]
C  [KERNEL32.DLL+0x1257d]
C  [ntdll.dll+0x5aa58]


---------------  P R O C E S S  ---------------

Threads class SMR info:
_java_thread_list=0x00007ffd758400d8, length=0, elements={
}

Java Threads: ( => current thread )

Other Threads:
  0x000001fe673641d0 GCTaskThread "GC Thread#0" [stack: 0x000000c8c8b00000,0x000000c8c8c00000] [id=68576]
  0x000001fe7cf78040 ConcurrentGCThread "G1 Main Marker" [stack: 0x000000c8c8c00000,0x000000c8c8d00000] [id=32652]
  0x000001fe6736d310 ConcurrentGCThread "G1 Conc#0" [stack: 0x000000c8c8d00000,0x000000c8c8e00000] [id=66700]

[error occurred during error reporting (printing all threads), id 0xc0000005, EXCEPTION_ACCESS_VIOLATION (0xc0000005) at pc=0x00007ffd74ff2ab7]

VM state: not at safepoint (not fully initialized)

VM Mutex/Monitor currently owned by a thread:  ([mutex/lock_event])
[0x000001fe672b0ab0] Heap_lock - owner thread: 0x000001fe672b7460

Heap address: 0x0000000601400000, size: 8172 MB, Compressed Oops mode: Zero based, Oop shift amount: 3

CDS archive(s) mapped at: [0x0000000000000000-0x0000000000000000-0x0000000000000000), size 0, SharedBaseAddress: 0x0000000800000000, ArchiveRelocationMode: 1.
Narrow klass base: 0x0000000000000000, Narrow klass shift: 0, Narrow klass range: 0x0

GC Precious Log:
<Empty>

Heap:
 garbage-first heap   total 0K, used 0K [0x0000000601400000, 0x0000000800000000)
  region size 4096K, 0 young (0K), 0 survivors (0K)
 Metaspace       used 0K, committed 0K, reserved 0K
  class space    used 0K, committed 0K, reserved 0K

Heap Regions: E=young(eden), S=young(survivor), O=old, HS=humongous(starts), HC=humongous(continues), CS=collection set, F=free, OA=open archive, CA=closed archive, TAMS=top-at-mark-start (previous, next)

Card table byte_map: [0x000001fe7af70000,0x000001fe7bf70000] _byte_map_base: 0x000001fe77f66000

Marking Bits (Prev, Next): (CMBitMap*) 0x000001fe673647f0, (CMBitMap*) 0x000001fe67364830
 Prev Bits: [0x000001fe00000000, 0x000001fe07fb0000)
 Next Bits: [0x000001fe07fb0000, 0x000001fe0ff60000)

GC Heap History (0 events):
No events

Dll operation events (1 events):
Event: 0.005 Loaded shared library C:\Program Files\JetBrains\IntelliJ IDEA 2023.2.3\jbr\bin\java.dll

Deoptimization events (0 events):
No events

Classes unloaded (0 events):
No events

Classes redefined (0 events):
No events

Internal exceptions (0 events):
No events

VM Operations (0 events):
No events

Events (0 events):
No events


Dynamic libraries:
0x00007ff677890000 - 0x00007ff67789a000 	C:\Program Files\JetBrains\IntelliJ IDEA 2023.2.3\jbr\bin\java.exe
0x00007ffe08250000 - 0x00007ffe08467000 	C:\WINDOWS\SYSTEM32\ntdll.dll
0x00007ffe07400000 - 0x00007ffe074c4000 	C:\WINDOWS\System32\KERNEL32.DLL
0x00007ffe05bf0000 - 0x00007ffe05f95000 	C:\WINDOWS\System32\KERNELBASE.dll
0x00007ffe05a10000 - 0x00007ffe05b21000 	C:\WINDOWS\System32\ucrtbase.dll
0x00007ffdf7fc0000 - 0x00007ffdf7fd7000 	C:\Program Files\JetBrains\IntelliJ IDEA 2023.2.3\jbr\bin\jli.dll
0x00007ffdf7b80000 - 0x00007ffdf7b9b000 	C:\Program Files\JetBrains\IntelliJ IDEA 2023.2.3\jbr\bin\VCRUNTIME140.dll
0x00007ffe07d40000 - 0x00007ffe07eee000 	C:\WINDOWS\System32\USER32.dll
0x00007ffe055c0000 - 0x00007ffe055e6000 	C:\WINDOWS\System32\win32u.dll
0x00007ffdd9f20000 - 0x00007ffdda1b3000 	C:\WINDOWS\WinSxS\amd64_microsoft.windows.common-controls_6595b64144ccf1df_6.0.22621.2506_none_270c5ae97388e100\COMCTL32.dll
0x00007ffe07bf0000 - 0x00007ffe07c19000 	C:\WINDOWS\System32\GDI32.dll
0x00007ffe06490000 - 0x00007ffe06537000 	C:\WINDOWS\System32\msvcrt.dll
0x00007ffe05760000 - 0x00007ffe05879000 	C:\WINDOWS\System32\gdi32full.dll
0x00007ffe05880000 - 0x00007ffe0591a000 	C:\WINDOWS\System32\msvcp_win.dll
0x00007ffe07cf0000 - 0x00007ffe07d21000 	C:\WINDOWS\System32\IMM32.DLL
0x00007ffdfd790000 - 0x00007ffdfd79c000 	C:\Program Files\JetBrains\IntelliJ IDEA 2023.2.3\jbr\bin\vcruntime140_1.dll
0x00007ffdeecb0000 - 0x00007ffdeed3d000 	C:\Program Files\JetBrains\IntelliJ IDEA 2023.2.3\jbr\bin\msvcp140.dll
0x00007ffd74d00000 - 0x00007ffd75983000 	C:\Program Files\JetBrains\IntelliJ IDEA 2023.2.3\jbr\bin\server\jvm.dll
0x00007ffe063d0000 - 0x00007ffe06481000 	C:\WINDOWS\System32\ADVAPI32.dll
0x00007ffe074f0000 - 0x00007ffe07596000 	C:\WINDOWS\System32\sechost.dll
0x00007ffe07650000 - 0x00007ffe07767000 	C:\WINDOWS\System32\RPCRT4.dll
0x00007ffdd7f40000 - 0x00007ffdd7f49000 	C:\WINDOWS\SYSTEM32\WSOCK32.dll
0x00007ffe04410000 - 0x00007ffe0445d000 	C:\WINDOWS\SYSTEM32\POWRPROF.dll
0x00007ffde0570000 - 0x00007ffde05a4000 	C:\WINDOWS\SYSTEM32\WINMM.dll
0x00007ffe08120000 - 0x00007ffe08191000 	C:\WINDOWS\System32\WS2_32.dll
0x00007ffdfcec0000 - 0x00007ffdfceca000 	C:\WINDOWS\SYSTEM32\VERSION.dll
0x00007ffe043f0000 - 0x00007ffe04403000 	C:\WINDOWS\SYSTEM32\UMPDC.dll
0x00007ffe04650000 - 0x00007ffe04668000 	C:\WINDOWS\SYSTEM32\kernel.appcore.dll
0x00007ffdf9490000 - 0x00007ffdf949a000 	C:\Program Files\JetBrains\IntelliJ IDEA 2023.2.3\jbr\bin\jimage.dll
0x00007ffdfc0f0000 - 0x00007ffdfc323000 	C:\WINDOWS\SYSTEM32\DBGHELP.DLL
0x00007ffe067c0000 - 0x00007ffe06b49000 	C:\WINDOWS\System32\combase.dll
0x00007ffe06560000 - 0x00007ffe06637000 	C:\WINDOWS\System32\OLEAUT32.dll
0x00007ffdfc000000 - 0x00007ffdfc032000 	C:\WINDOWS\SYSTEM32\dbgcore.DLL
0x00007ffe05920000 - 0x00007ffe0599a000 	C:\WINDOWS\System32\bcryptPrimitives.dll
0x00007ffdf9280000 - 0x00007ffdf92a5000 	C:\Program Files\JetBrains\IntelliJ IDEA 2023.2.3\jbr\bin\java.dll

dbghelp: loaded successfully - version: 4.0.5 - missing functions: none
symbol engine: initialized successfully - sym options: 0x614 - pdb path: .;C:\Program Files\JetBrains\IntelliJ IDEA 2023.2.3\jbr\bin;C:\WINDOWS\SYSTEM32;C:\WINDOWS\WinSxS\amd64_microsoft.windows.common-controls_6595b64144ccf1df_6.0.22621.2506_none_270c5ae97388e100;C:\Program Files\JetBrains\IntelliJ IDEA 2023.2.3\jbr\bin\server

VM Arguments:
java_command: git4idea.http.GitAskPassApp Username for 'https://github.com': 
java_class_path (initial): C:/Program Files/JetBrains/IntelliJ IDEA 2023.2.3/plugins/vcs-git/lib/git4idea-rt.jar;C:/Program Files/JetBrains/IntelliJ IDEA 2023.2.3/lib/externalProcess-rt.jar
Launcher Type: SUN_STANDARD

[Global flags]
     intx CICompilerCount                          = 4                                         {product} {ergonomic}
     uint ConcGCThreads                            = 3                                         {product} {ergonomic}
     uint G1ConcRefinementThreads                  = 10                                        {product} {ergonomic}
   size_t G1HeapRegionSize                         = 4194304                                   {product} {ergonomic}
    uintx GCDrainStackTargetSize                   = 64                                        {product} {ergonomic}
   size_t InitialHeapSize                          = 536870912                                 {product} {ergonomic}
   size_t MarkStackSize                            = 4194304                                   {product} {ergonomic}
   size_t MaxHeapSize                              = 8568963072                                {product} {ergonomic}
   size_t MinHeapDeltaBytes                        = 4194304                                   {product} {ergonomic}
   size_t MinHeapSize                              = 8388608                                   {product} {ergonomic}
    uintx NonNMethodCodeHeapSize                   = 5839372                                {pd product} {ergonomic}
    uintx NonProfiledCodeHeapSize                  = 122909434                              {pd product} {ergonomic}
    uintx ProfiledCodeHeapSize                     = 122909434                              {pd product} {ergonomic}
    uintx ReservedCodeCacheSize                    = 251658240                              {pd product} {ergonomic}
     bool SegmentedCodeCache                       = true                                      {product} {ergonomic}
   size_t SoftMaxHeapSize                          = 8568963072                             {manageable} {ergonomic}
     bool UseCompressedClassPointers               = true                           {product lp64_product} {ergonomic}
     bool UseCompressedOops                        = true                           {product lp64_product} {ergonomic}
     bool UseG1GC                                  = true                                      {product} {ergonomic}
     bool UseLargePagesIndividualAllocation        = false                                  {pd product} {ergonomic}

Logging:
Log output configuration:
 #0: stdout all=warning uptime,level,tags
 #1: stderr all=off uptime,level,tags

Environment Variables:
JAVA_HOME=C:\Program Files\Eclipse Adoptium\jdk-17.0.6.10-hotspot\
PATH=C:/Program Files/Git/mingw64/libexec/git-core;C:/Program Files/Git/mingw64/libexec/git-core;C:\Program Files\Git\mingw64\bin;C:\Program Files\Git\usr\bin;C:\Users\zafar\bin;C:\Program Files\Eclipse Adoptium\jdk-17.0.6.10-hotspot\bin;C:\Program Files\Common Files\Oracle\Java\javapath;C:\Program Files (x86)\Common Files\Oracle\Java\javapath;C:\Program Files\Temurin\jdk-8.0.302.8-hotspot\bin;C:\Windows\system32;C:\Windows;C:\Windows\System32\Wbem;C:\Windows\System32\WindowsPowerShell\v1.0\;C:\Windows\System32\OpenSSH\;C:\Program Files (x86)\NVIDIA Corporation\PhysX\Common;C:\Program Files\NVIDIA Corporation\NVIDIA NvDLISR;C:\Program Files\dotnet\;C:\WINDOWS\system32;C:\WINDOWS;C:\WINDOWS\System32\Wbem;C:\WINDOWS\System32\WindowsPowerShell\v1.0\;C:\WINDOWS\System32\OpenSSH\;C:\Program Files\Git\cmd;C:\Program Files\Microsoft SQL Server\150\Tools\Binn\;C:\Program Files\Microsoft SQL Server\Client SDK\ODBC\170\Tools\Binn\;C:\Users\zafar\AppData\Local\Microsoft\WindowsApps;C:\Users\zafar\.dotnet\tools;C:\Program Files (x86)\Nmap;C:\Users\zafar\AppData\Local\Programs\Microsoft VS Code\bin;C:\Users\zafar\AppData\Local\Programs\Azure Data Studio\bin
USERNAME=zafar
DISPLAY=:0.0
LC_ALL=en_US.UTF-8
TERM=xterm-256color
TMPDIR=C:\Users\zafar\AppData\Local\Temp
OS=Windows_NT
PROCESSOR_IDENTIFIER=AMD64 Family 25 Model 33 Stepping 0, AuthenticAMD
TMP=C:\Users\zafar\AppData\Local\Temp
TEMP=C:\Users\zafar\AppData\Local\Temp


JNI global refs:
JNI global refs: 0, weak refs: 0

JNI global refs memory usage: 0, weak refs: 0

OOME stack traces (most recent first):
Classloader memory used:


---------------  S Y S T E M  ---------------

OS:
 Windows 11 , 64 bit Build 22621 (10.0.22621.2506)
OS uptime: 22 days 21:29 hours

CPU: total 12 (initial active 12) (12 cores per cpu, 2 threads per core) family 25 model 33 stepping 0 microcode 0x0, cx8, cmov, fxsr, ht, mmx, 3dnowpref, sse, sse2, sse3, ssse3, sse4a, sse4.1, sse4.2, popcnt, lzcnt, tsc, tscinvbit, avx, avx2, aes, erms, clmul, bmi1, bmi2, adx, sha, fma, vzeroupper, clflush, clflushopt
Processor Information for all 12 processors :
  Max Mhz: 3701, Current Mhz: 3701, Mhz Limit: 3701

Memory: 4k page, system-wide physical 32672M (3016M free)
TotalPageFile size 72157M (AvailPageFile size 490M)
current process WorkingSet (physical memory assigned to process): 11M, peak: 11M
current process commit charge ("private bytes"): 64M, peak: 576M

vm_info: OpenJDK 64-Bit Server VM (17.0.8.1+7-b1000.32) for windows-amd64 JRE (17.0.8.1+7-b1000.32), built on 2023-09-15 by "builduser" with MS VC++ 16.10 / 16.11 (VS2019)

END.
